{
  "stats": {
    "suites": 1,
    "tests": 10,
    "passes": 10,
    "pending": 0,
    "failures": 0,
    "start": "2024-10-29T14:35:08.575Z",
    "end": "2024-10-29T14:35:37.886Z",
    "duration": 29311,
    "testsRegistered": 10,
    "passPercent": 100,
    "pendingPercent": 0,
    "other": 0,
    "hasOther": false,
    "skipped": 0,
    "hasSkipped": false
  },
  "results": [
    {
      "uuid": "7116436d-5807-4105-94ab-a827aa1a3a91",
      "title": "",
      "fullFile": "cypress/e2e/index.spec.cy.ts",
      "file": "cypress/e2e/index.spec.cy.ts",
      "beforeHooks": [],
      "afterHooks": [],
      "tests": [],
      "suites": [
        {
          "uuid": "f91d9ea4-eb2d-47f7-bdfc-6c631125dfa2",
          "title": "Calculator Tests",
          "fullFile": "",
          "file": "",
          "beforeHooks": [],
          "afterHooks": [],
          "tests": [
            {
              "title": "should have the title \"Calculator App\"",
              "fullTitle": "Calculator Tests should have the title \"Calculator App\"",
              "timedOut": null,
              "duration": 1054,
              "state": "passed",
              "speed": "fast",
              "pass": true,
              "fail": false,
              "pending": false,
              "context": null,
              "code": "cy.get('title').should('have.text', 'Calculator App');",
              "err": {},
              "uuid": "eeea51fe-2841-4bba-9228-9be343148a26",
              "parentUUID": "f91d9ea4-eb2d-47f7-bdfc-6c631125dfa2",
              "isHook": false,
              "skipped": false
            },
            {
              "title": "should display 2 when \"1 + 1 = \" is clicked",
              "fullTitle": "Calculator Tests should display 2 when \"1 + 1 = \" is clicked",
              "timedOut": null,
              "duration": 3059,
              "state": "passed",
              "speed": "fast",
              "pass": true,
              "fail": false,
              "pending": false,
              "context": null,
              "code": "cy.get('.key-1').click();\ncy.get('.key-add').click();\ncy.get('.key-1').click();\ncy.get('.key-equals').click();\ncy.get('.calculator-display').should('have.text', '2');",
              "err": {},
              "uuid": "eae609ad-8de8-4e2b-b7af-ea8e3cedefcb",
              "parentUUID": "f91d9ea4-eb2d-47f7-bdfc-6c631125dfa2",
              "isHook": false,
              "skipped": false
            },
            {
              "title": "should display 2 when \"4 - 2 = \" is clicked",
              "fullTitle": "Calculator Tests should display 2 when \"4 - 2 = \" is clicked",
              "timedOut": null,
              "duration": 3047,
              "state": "passed",
              "speed": "fast",
              "pass": true,
              "fail": false,
              "pending": false,
              "context": null,
              "code": "cy.get('.key-4').click();\ncy.get('.key-subtract').click();\ncy.get('.key-2').click();\ncy.get('.key-equals').click();\ncy.get('.calculator-display').should('have.text', '2');",
              "err": {},
              "uuid": "894cd61e-7f09-4264-bfb5-d3150cf39a8e",
              "parentUUID": "f91d9ea4-eb2d-47f7-bdfc-6c631125dfa2",
              "isHook": false,
              "skipped": false
            },
            {
              "title": "should display 4 when \"4 - 0 = \" is clicked",
              "fullTitle": "Calculator Tests should display 4 when \"4 - 0 = \" is clicked",
              "timedOut": null,
              "duration": 3068,
              "state": "passed",
              "speed": "fast",
              "pass": true,
              "fail": false,
              "pending": false,
              "context": null,
              "code": "cy.get('.key-4').click();\ncy.get('.key-subtract').click();\ncy.get('.key-0').click();\ncy.get('.key-equals').click();\ncy.get('.calculator-display').should('have.text', '4');",
              "err": {},
              "uuid": "0e9ffe8e-ad5e-4c04-ab95-c2fa121f45f2",
              "parentUUID": "f91d9ea4-eb2d-47f7-bdfc-6c631125dfa2",
              "isHook": false,
              "skipped": false
            },
            {
              "title": "should display 0 when \"4 - 4 = \" is clicked",
              "fullTitle": "Calculator Tests should display 0 when \"4 - 4 = \" is clicked",
              "timedOut": null,
              "duration": 3047,
              "state": "passed",
              "speed": "fast",
              "pass": true,
              "fail": false,
              "pending": false,
              "context": null,
              "code": "cy.get('.key-4').click();\ncy.get('.key-subtract').click();\ncy.get('.key-4').click();\ncy.get('.key-equals').click();\ncy.get('.calculator-display').should('have.text', '0');",
              "err": {},
              "uuid": "8fcbcd56-a724-4ef8-b7f7-2fb004a1750e",
              "parentUUID": "f91d9ea4-eb2d-47f7-bdfc-6c631125dfa2",
              "isHook": false,
              "skipped": false
            },
            {
              "title": "should display 4 when \"2 * 2 = \" is clicked",
              "fullTitle": "Calculator Tests should display 4 when \"2 * 2 = \" is clicked",
              "timedOut": null,
              "duration": 3054,
              "state": "passed",
              "speed": "fast",
              "pass": true,
              "fail": false,
              "pending": false,
              "context": null,
              "code": "cy.get('.key-2').click();\ncy.get('.key-multiply').click();\ncy.get('.key-2').click();\ncy.get('.key-equals').click();\ncy.get('.calculator-display').should('have.text', '4');",
              "err": {},
              "uuid": "27ec4738-7416-4009-b3a2-fd51eb0ec798",
              "parentUUID": "f91d9ea4-eb2d-47f7-bdfc-6c631125dfa2",
              "isHook": false,
              "skipped": false
            },
            {
              "title": "should display 0 when \"2 * 0 = \" is clicked",
              "fullTitle": "Calculator Tests should display 0 when \"2 * 0 = \" is clicked",
              "timedOut": null,
              "duration": 3053,
              "state": "passed",
              "speed": "fast",
              "pass": true,
              "fail": false,
              "pending": false,
              "context": null,
              "code": "cy.get('.key-2').click();\ncy.get('.key-multiply').click();\ncy.get('.key-0').click();\ncy.get('.key-equals').click();\ncy.get('.calculator-display').should('have.text', '0');",
              "err": {},
              "uuid": "badd6a4c-5090-4e04-8eee-4116f64ba70f",
              "parentUUID": "f91d9ea4-eb2d-47f7-bdfc-6c631125dfa2",
              "isHook": false,
              "skipped": false
            },
            {
              "title": "should display 1 when \"2 * 1 = \" is clicked",
              "fullTitle": "Calculator Tests should display 1 when \"2 * 1 = \" is clicked",
              "timedOut": null,
              "duration": 3046,
              "state": "passed",
              "speed": "fast",
              "pass": true,
              "fail": false,
              "pending": false,
              "context": null,
              "code": "cy.get('.key-2').click();\ncy.get('.key-multiply').click();\ncy.get('.key-1').click();\ncy.get('.key-equals').click();\ncy.get('.calculator-display').should('have.text', '2');",
              "err": {},
              "uuid": "3267aef7-914e-454d-97cb-2156701168da",
              "parentUUID": "f91d9ea4-eb2d-47f7-bdfc-6c631125dfa2",
              "isHook": false,
              "skipped": false
            },
            {
              "title": "should display 2 when \"4 / 2 = \" is clicked",
              "fullTitle": "Calculator Tests should display 2 when \"4 / 2 = \" is clicked",
              "timedOut": null,
              "duration": 3050,
              "state": "passed",
              "speed": "fast",
              "pass": true,
              "fail": false,
              "pending": false,
              "context": null,
              "code": "cy.get('.key-4').click();\ncy.get('.key-divide').click();\ncy.get('.key-2').click();\ncy.get('.key-equals').click();\ncy.get('.calculator-display').should('have.text', '2');",
              "err": {},
              "uuid": "29117b97-779e-4cc1-bcf9-4f8d46c65963",
              "parentUUID": "f91d9ea4-eb2d-47f7-bdfc-6c631125dfa2",
              "isHook": false,
              "skipped": false
            },
            {
              "title": "should display 1 when \"4 / 1 = \" is clicked",
              "fullTitle": "Calculator Tests should display 1 when \"4 / 1 = \" is clicked",
              "timedOut": null,
              "duration": 3042,
              "state": "passed",
              "speed": "fast",
              "pass": true,
              "fail": false,
              "pending": false,
              "context": null,
              "code": "cy.get('.key-4').click();\ncy.get('.key-divide').click();\ncy.get('.key-1').click();\ncy.get('.key-equals').click();\ncy.get('.calculator-display').should('have.text', '4');",
              "err": {},
              "uuid": "31bbf000-7850-41e9-bd3e-96850e3bc90d",
              "parentUUID": "f91d9ea4-eb2d-47f7-bdfc-6c631125dfa2",
              "isHook": false,
              "skipped": false
            }
          ],
          "suites": [],
          "passes": [
            "eeea51fe-2841-4bba-9228-9be343148a26",
            "eae609ad-8de8-4e2b-b7af-ea8e3cedefcb",
            "894cd61e-7f09-4264-bfb5-d3150cf39a8e",
            "0e9ffe8e-ad5e-4c04-ab95-c2fa121f45f2",
            "8fcbcd56-a724-4ef8-b7f7-2fb004a1750e",
            "27ec4738-7416-4009-b3a2-fd51eb0ec798",
            "badd6a4c-5090-4e04-8eee-4116f64ba70f",
            "3267aef7-914e-454d-97cb-2156701168da",
            "29117b97-779e-4cc1-bcf9-4f8d46c65963",
            "31bbf000-7850-41e9-bd3e-96850e3bc90d"
          ],
          "failures": [],
          "pending": [],
          "skipped": [],
          "duration": 28520,
          "root": false,
          "rootEmpty": false,
          "_timeout": 2000
        }
      ],
      "passes": [],
      "failures": [],
      "pending": [],
      "skipped": [],
      "duration": 0,
      "root": true,
      "rootEmpty": true,
      "_timeout": 2000
    }
  ],
  "meta": {
    "mocha": {
      "version": "7.0.1"
    },
    "mochawesome": {
      "options": {
        "quiet": false,
        "reportFilename": "mochawesome",
        "saveHtml": true,
        "saveJson": true,
        "consoleReporter": "spec",
        "useInlineDiffs": false,
        "code": true
      },
      "version": "7.1.3"
    },
    "marge": {
      "options": {
        "reportDir": "cypress/results",
        "overwrite": true,
        "html": true,
        "json": true
      },
      "version": "6.2.0"
    }
  }
}